<?xml version="1.0" encoding="UTF-8"?>
<!-- Generated by org.testng.reporters.JUnitXMLReporter -->
<testsuite ignored="0" hostname="abubakarsiddiquesnew-lp.ds.alacriti.com" failures="1" tests="30" name="Default test" time="9.948" errors="0" timestamp="2026-02-25T19:45:53 IST">
  <testcase classname="test.TravelRule_Transfers_CustomerSupport" name="@AfterMethod endTest" time="0.037">
    <failure type="org.openqa.selenium.NoSuchSessionException" message="invalid session id: session deleted as the browser has closed the connection
from disconnected: not connected to DevTools
  (Session info: chrome=142.0.7444.175)
Build info: version: &amp;apos;4.33.0&amp;apos;, revision: &amp;apos;2c6aaad03a&amp;apos;
System info: os.name: &amp;apos;Linux&amp;apos;, os.arch: &amp;apos;amd64&amp;apos;, os.version: &amp;apos;6.17.0-14-generic&amp;apos;, java.version: &amp;apos;21.0.6&amp;apos;
Driver info: org.openqa.selenium.chrome.ChromeDriver
Command: [23a982bf5b86c743089899cc8ae06ae7, screenshot {}]
Capabilities {acceptInsecureCerts: false, browserName: chrome, browserVersion: 142.0.7444.175, chrome: {chromedriverVersion: 142.0.7444.175 (302067f14a4..., userDataDir: /tmp/.org.chromium.Chromium...}, fedcm:accounts: true, goog:chromeOptions: {debuggerAddress: localhost:43917}, goog:processID: 753819, networkConnectionEnabled: false, pageLoadStrategy: normal, platformName: linux, proxy: Proxy(), se:cdp: ws://localhost:43917/devtoo..., se:cdpVersion: 142.0.7444.175, setWindowRect: true, strictFileInteractability: false, timeouts: {implicit: 0, pageLoad: 300000, script: 30000}, unhandledPromptBehavior: dismiss and notify, webauthn:extension:credBlob: true, webauthn:extension:largeBlob: true, webauthn:extension:minPinLength: true, webauthn:extension:prf: true, webauthn:virtualAuthenticators: true}
Session ID: 23a982bf5b86c743089899cc8ae06ae7">
      <![CDATA[org.openqa.selenium.NoSuchSessionException: invalid session id: session deleted as the browser has closed the connection
from disconnected: not connected to DevTools
  (Session info: chrome=142.0.7444.175)
Build info: version: '4.33.0', revision: '2c6aaad03a'
System info: os.name: 'Linux', os.arch: 'amd64', os.version: '6.17.0-14-generic', java.version: '21.0.6'
Driver info: org.openqa.selenium.chrome.ChromeDriver
Command: [23a982bf5b86c743089899cc8ae06ae7, screenshot {}]
Capabilities {acceptInsecureCerts: false, browserName: chrome, browserVersion: 142.0.7444.175, chrome: {chromedriverVersion: 142.0.7444.175 (302067f14a4..., userDataDir: /tmp/.org.chromium.Chromium...}, fedcm:accounts: true, goog:chromeOptions: {debuggerAddress: localhost:43917}, goog:processID: 753819, networkConnectionEnabled: false, pageLoadStrategy: normal, platformName: linux, proxy: Proxy(), se:cdp: ws://localhost:43917/devtoo..., se:cdpVersion: 142.0.7444.175, setWindowRect: true, strictFileInteractability: false, timeouts: {implicit: 0, pageLoad: 300000, script: 30000}, unhandledPromptBehavior: dismiss and notify, webauthn:extension:credBlob: true, webauthn:extension:largeBlob: true, webauthn:extension:minPinLength: true, webauthn:extension:prf: true, webauthn:virtualAuthenticators: true}
Session ID: 23a982bf5b86c743089899cc8ae06ae7
at java.base/jdk.internal.reflect.DirectConstructorHandleAccessor.newInstance(DirectConstructorHandleAccessor.java:62)
at java.base/java.lang.reflect.Constructor.newInstanceWithCaller(Constructor.java:502)
at java.base/java.lang.reflect.Constructor.newInstance(Constructor.java:486)
at org.openqa.selenium.remote.ErrorCodec.decode(ErrorCodec.java:167)
at org.openqa.selenium.remote.codec.w3c.W3CHttpResponseCodec.decode(W3CHttpResponseCodec.java:138)
at org.openqa.selenium.remote.codec.w3c.W3CHttpResponseCodec.decode(W3CHttpResponseCodec.java:50)
at org.openqa.selenium.remote.HttpCommandExecutor.execute(HttpCommandExecutor.java:215)
at org.openqa.selenium.remote.service.DriverCommandExecutor.invokeExecute(DriverCommandExecutor.java:216)
at org.openqa.selenium.remote.service.DriverCommandExecutor.execute(DriverCommandExecutor.java:174)
at org.openqa.selenium.remote.RemoteWebDriver.execute(RemoteWebDriver.java:544)
at org.openqa.selenium.remote.RemoteWebDriver.execute(RemoteWebDriver.java:617)
at org.openqa.selenium.remote.RemoteWebDriver.execute(RemoteWebDriver.java:621)
at org.openqa.selenium.remote.RemoteWebDriver.getScreenshotAs(RemoteWebDriver.java:333)
at dataReader.Utility.takeScreenShot(Utility.java:68)
at test.TravelRule_Transfers_CustomerSupport.endTest(TravelRule_Transfers_CustomerSupport.java:980)
at java.base/jdk.internal.reflect.DirectMethodHandleAccessor.invoke(DirectMethodHandleAccessor.java:103)
at java.base/java.lang.reflect.Method.invoke(Method.java:580)
at org.testng.internal.invokers.MethodInvocationHelper.invokeMethod(MethodInvocationHelper.java:141)
at org.testng.internal.invokers.MethodInvocationHelper.invokeMethodConsideringTimeout(MethodInvocationHelper.java:71)
at org.testng.internal.invokers.ConfigInvoker.invokeConfigurationMethod(ConfigInvoker.java:400)
at org.testng.internal.invokers.ConfigInvoker.invokeConfigurations(ConfigInvoker.java:333)
at org.testng.internal.invokers.TestInvoker.runConfigMethods(TestInvoker.java:836)
at org.testng.internal.invokers.TestInvoker.runAfterConfigurations(TestInvoker.java:805)
at org.testng.internal.invokers.TestInvoker.invokeMethod(TestInvoker.java:781)
at org.testng.internal.invokers.TestInvoker.invokeTestMethod(TestInvoker.java:230)
at org.testng.internal.invokers.MethodRunner.runInSequence(MethodRunner.java:63)
at org.testng.internal.invokers.TestInvoker$MethodInvocationAgent.invoke(TestInvoker.java:995)
at org.testng.internal.invokers.TestInvoker.invokeTestMethods(TestInvoker.java:203)
at org.testng.internal.invokers.TestMethodWorker.invokeTestMethods(TestMethodWorker.java:154)
at org.testng.internal.invokers.TestMethodWorker.run(TestMethodWorker.java:134)
at java.base/java.util.ArrayList.forEach(ArrayList.java:1596)
at org.testng.TestRunner.privateRun(TestRunner.java:741)
at org.testng.TestRunner.run(TestRunner.java:616)
at org.testng.SuiteRunner.runTest(SuiteRunner.java:421)
at org.testng.SuiteRunner.runSequentially(SuiteRunner.java:413)
at org.testng.SuiteRunner.privateRun(SuiteRunner.java:373)
at org.testng.SuiteRunner.run(SuiteRunner.java:312)
at org.testng.SuiteRunnerWorker.runSuite(SuiteRunnerWorker.java:52)
at org.testng.SuiteRunnerWorker.run(SuiteRunnerWorker.java:95)
at org.testng.TestNG.runSuitesSequentially(TestNG.java:1274)
at org.testng.TestNG.runSuitesLocally(TestNG.java:1208)
at org.testng.TestNG.runSuites(TestNG.java:1112)
at org.testng.TestNG.run(TestNG.java:1079)
at org.testng.remote.AbstractRemoteTestNG.run(AbstractRemoteTestNG.java:115)
at org.testng.remote.RemoteTestNG.initAndRun(RemoteTestNG.java:293)
at org.testng.remote.RemoteTestNG.main(RemoteTestNG.java:91)
]]>
    </failure>
  </testcase> <!-- @AfterMethod endTest -->
  <testcase classname="test.TravelRule_Transfers_CustomerSupport" name="@BeforeMethod startTest" time="0.0">
    <skipped/>
  </testcase> <!-- @BeforeMethod startTest -->
  <testcase classname="test.TravelRule_Transfers_CustomerSupport" name="@AfterMethod endTest" time="0.0">
    <skipped/>
  </testcase> <!-- @AfterMethod endTest -->
  <testcase classname="test.TravelRule_Transfers_CustomerSupport" name="@BeforeMethod startTest" time="0.0">
    <skipped/>
  </testcase> <!-- @BeforeMethod startTest -->
  <testcase classname="test.TravelRule_Transfers_CustomerSupport" name="@AfterMethod endTest" time="0.0">
    <skipped/>
  </testcase> <!-- @AfterMethod endTest -->
  <testcase classname="test.TravelRule_Transfers_CustomerSupport" name="@BeforeMethod startTest" time="0.0">
    <skipped/>
  </testcase> <!-- @BeforeMethod startTest -->
  <testcase classname="test.TravelRule_Transfers_CustomerSupport" name="@AfterMethod endTest" time="0.0">
    <skipped/>
  </testcase> <!-- @AfterMethod endTest -->
  <testcase classname="test.TravelRule_Transfers_CustomerSupport" name="@BeforeMethod startTest" time="0.0">
    <skipped/>
  </testcase> <!-- @BeforeMethod startTest -->
  <testcase classname="test.TravelRule_Transfers_CustomerSupport" name="@AfterMethod endTest" time="0.0">
    <skipped/>
  </testcase> <!-- @AfterMethod endTest -->
  <testcase classname="test.TravelRule_Transfers_CustomerSupport" name="@BeforeMethod startTest" time="0.0">
    <skipped/>
  </testcase> <!-- @BeforeMethod startTest -->
  <testcase classname="test.TravelRule_Transfers_CustomerSupport" name="@AfterMethod endTest" time="0.0">
    <skipped/>
  </testcase> <!-- @AfterMethod endTest -->
  <testcase classname="test.TravelRule_Transfers_CustomerSupport" name="@BeforeMethod startTest" time="0.0">
    <skipped/>
  </testcase> <!-- @BeforeMethod startTest -->
  <testcase classname="test.TravelRule_Transfers_CustomerSupport" name="@AfterMethod endTest" time="0.0">
    <skipped/>
  </testcase> <!-- @AfterMethod endTest -->
  <testcase classname="test.TravelRule_Transfers_CustomerSupport" name="@BeforeMethod startTest" time="0.0">
    <skipped/>
  </testcase> <!-- @BeforeMethod startTest -->
  <testcase classname="test.TravelRule_Transfers_CustomerSupport" name="@AfterMethod endTest" time="0.0">
    <skipped/>
  </testcase> <!-- @AfterMethod endTest -->
  <testcase classname="test.TravelRule_Transfers_CustomerSupport" name="@BeforeMethod startTest" time="0.0">
    <skipped/>
  </testcase> <!-- @BeforeMethod startTest -->
  <testcase classname="test.TravelRule_Transfers_CustomerSupport" name="@AfterMethod endTest" time="0.0">
    <skipped/>
  </testcase> <!-- @AfterMethod endTest -->
  <testcase classname="test.TravelRule_Transfers_CustomerSupport" name="@BeforeMethod startTest" time="0.0">
    <skipped/>
  </testcase> <!-- @BeforeMethod startTest -->
  <testcase classname="test.TravelRule_Transfers_CustomerSupport" name="@AfterMethod endTest" time="0.0">
    <skipped/>
  </testcase> <!-- @AfterMethod endTest -->
  <testcase classname="test.TravelRule_Transfers_CustomerSupport" name="@BeforeMethod startTest" time="0.0">
    <skipped/>
  </testcase> <!-- @BeforeMethod startTest -->
  <testcase classname="test.TravelRule_Transfers_CustomerSupport" name="@AfterMethod endTest" time="0.0">
    <skipped/>
  </testcase> <!-- @AfterMethod endTest -->
  <testcase classname="test.TravelRule_Transfers_CustomerSupport" name="@BeforeMethod startTest" time="0.0">
    <skipped/>
  </testcase> <!-- @BeforeMethod startTest -->
  <testcase classname="test.TravelRule_Transfers_CustomerSupport" name="@AfterMethod endTest" time="0.0">
    <skipped/>
  </testcase> <!-- @AfterMethod endTest -->
  <testcase classname="test.TravelRule_Transfers_CustomerSupport" name="@BeforeMethod startTest" time="0.0">
    <skipped/>
  </testcase> <!-- @BeforeMethod startTest -->
  <testcase classname="test.TravelRule_Transfers_CustomerSupport" name="@AfterMethod endTest" time="0.0">
    <skipped/>
  </testcase> <!-- @AfterMethod endTest -->
  <testcase classname="test.TravelRule_Transfers_CustomerSupport" name="@BeforeMethod startTest" time="0.0">
    <skipped/>
  </testcase> <!-- @BeforeMethod startTest -->
  <testcase classname="test.TravelRule_Transfers_CustomerSupport" name="@AfterMethod endTest" time="0.0">
    <skipped/>
  </testcase> <!-- @AfterMethod endTest -->
  <testcase classname="test.TravelRule_Transfers_CustomerSupport" name="@BeforeMethod startTest" time="0.0">
    <skipped/>
  </testcase> <!-- @BeforeMethod startTest -->
  <testcase classname="test.TravelRule_Transfers_CustomerSupport" name="@AfterMethod endTest" time="0.0">
    <skipped/>
  </testcase> <!-- @AfterMethod endTest -->
  <testcase classname="test.TravelRule_Transfers_CustomerSupport" name="@BeforeMethod startTest" time="0.0">
    <skipped/>
  </testcase> <!-- @BeforeMethod startTest -->
  <testcase classname="test.TravelRule_Transfers_CustomerSupport" name="@AfterMethod endTest" time="0.0">
    <skipped/>
  </testcase> <!-- @AfterMethod endTest -->
  <testcase classname="test.TravelRule_Transfers_CustomerSupport" name="@BeforeMethod startTest" time="0.0">
    <skipped/>
  </testcase> <!-- @BeforeMethod startTest -->
  <testcase classname="test.TravelRule_Transfers_CustomerSupport" name="@AfterMethod endTest" time="0.0">
    <skipped/>
  </testcase> <!-- @AfterMethod endTest -->
  <testcase classname="test.TravelRule_Transfers_CustomerSupport" name="@BeforeMethod startTest" time="0.0">
    <skipped/>
  </testcase> <!-- @BeforeMethod startTest -->
  <testcase classname="test.TravelRule_Transfers_CustomerSupport" name="@AfterMethod endTest" time="0.0">
    <skipped/>
  </testcase> <!-- @AfterMethod endTest -->
  <testcase classname="test.TravelRule_Transfers_CustomerSupport" name="@BeforeMethod startTest" time="0.0">
    <skipped/>
  </testcase> <!-- @BeforeMethod startTest -->
  <testcase classname="test.TravelRule_Transfers_CustomerSupport" name="@AfterMethod endTest" time="0.0">
    <skipped/>
  </testcase> <!-- @AfterMethod endTest -->
  <testcase classname="test.TravelRule_Transfers_CustomerSupport" name="@BeforeMethod startTest" time="0.0">
    <skipped/>
  </testcase> <!-- @BeforeMethod startTest -->
  <testcase classname="test.TravelRule_Transfers_CustomerSupport" name="@AfterMethod endTest" time="0.0">
    <skipped/>
  </testcase> <!-- @AfterMethod endTest -->
  <testcase classname="test.TravelRule_Transfers_CustomerSupport" name="@BeforeMethod startTest" time="0.0">
    <skipped/>
  </testcase> <!-- @BeforeMethod startTest -->
  <testcase classname="test.TravelRule_Transfers_CustomerSupport" name="@AfterMethod endTest" time="0.0">
    <skipped/>
  </testcase> <!-- @AfterMethod endTest -->
  <testcase classname="test.TravelRule_Transfers_CustomerSupport" name="@BeforeMethod startTest" time="0.0">
    <skipped/>
  </testcase> <!-- @BeforeMethod startTest -->
  <testcase classname="test.TravelRule_Transfers_CustomerSupport" name="@AfterMethod endTest" time="0.0">
    <skipped/>
  </testcase> <!-- @AfterMethod endTest -->
  <testcase classname="test.TravelRule_Transfers_CustomerSupport" name="@BeforeMethod startTest" time="0.0">
    <skipped/>
  </testcase> <!-- @BeforeMethod startTest -->
  <testcase classname="test.TravelRule_Transfers_CustomerSupport" name="@AfterMethod endTest" time="0.0">
    <skipped/>
  </testcase> <!-- @AfterMethod endTest -->
  <testcase classname="test.TravelRule_Transfers_CustomerSupport" name="@BeforeMethod startTest" time="0.0">
    <skipped/>
  </testcase> <!-- @BeforeMethod startTest -->
  <testcase classname="test.TravelRule_Transfers_CustomerSupport" name="@AfterMethod endTest" time="0.0">
    <skipped/>
  </testcase> <!-- @AfterMethod endTest -->
  <testcase classname="test.TravelRule_Transfers_CustomerSupport" name="@BeforeMethod startTest" time="0.0">
    <skipped/>
  </testcase> <!-- @BeforeMethod startTest -->
  <testcase classname="test.TravelRule_Transfers_CustomerSupport" name="@AfterMethod endTest" time="0.0">
    <skipped/>
  </testcase> <!-- @AfterMethod endTest -->
  <testcase classname="test.TravelRule_Transfers_CustomerSupport" name="@BeforeMethod startTest" time="0.0">
    <skipped/>
  </testcase> <!-- @BeforeMethod startTest -->
  <testcase classname="test.TravelRule_Transfers_CustomerSupport" name="@AfterMethod endTest" time="0.0">
    <skipped/>
  </testcase> <!-- @AfterMethod endTest -->
  <testcase classname="test.TravelRule_Transfers_CustomerSupport" name="@BeforeMethod startTest" time="0.0">
    <skipped/>
  </testcase> <!-- @BeforeMethod startTest -->
  <testcase classname="test.TravelRule_Transfers_CustomerSupport" name="@AfterMethod endTest" time="0.0">
    <skipped/>
  </testcase> <!-- @AfterMethod endTest -->
  <testcase classname="test.TravelRule_Transfers_CustomerSupport" name="@BeforeMethod startTest" time="0.0">
    <skipped/>
  </testcase> <!-- @BeforeMethod startTest -->
  <testcase classname="test.TravelRule_Transfers_CustomerSupport" name="@AfterMethod endTest" time="0.0">
    <skipped/>
  </testcase> <!-- @AfterMethod endTest -->
  <testcase classname="test.TravelRule_Transfers_CustomerSupport" name="@BeforeMethod startTest" time="0.0">
    <skipped/>
  </testcase> <!-- @BeforeMethod startTest -->
  <testcase classname="test.TravelRule_Transfers_CustomerSupport" name="@AfterMethod endTest" time="0.0">
    <skipped/>
  </testcase> <!-- @AfterMethod endTest -->
  <testcase classname="test.TravelRule_Transfers_CustomerSupport" name="@BeforeMethod startTest" time="0.0">
    <skipped/>
  </testcase> <!-- @BeforeMethod startTest -->
  <testcase classname="test.TravelRule_Transfers_CustomerSupport" name="@AfterMethod endTest" time="0.0">
    <skipped/>
  </testcase> <!-- @AfterMethod endTest -->
  <testcase classname="test.TravelRule_Transfers_CustomerSupport" name="@AfterClass endSuite" time="0.0">
    <skipped/>
  </testcase> <!-- @AfterClass endSuite -->
  <testcase classname="test.TravelRule_Transfers_CustomerSupport" name="tc001TravelRule_POBox_Validation_For_SenderAddress_FW_Transfers" time="2.432">
    <failure type="org.openqa.selenium.WebDriverException" message="target frame detached: received Inspector.detached event
  (failed to check if window was closed: disconnected: not connected to DevTools)
  (Session info: chrome=142.0.7444.175)
Build info: version: &amp;apos;4.33.0&amp;apos;, revision: &amp;apos;2c6aaad03a&amp;apos;
System info: os.name: &amp;apos;Linux&amp;apos;, os.arch: &amp;apos;amd64&amp;apos;, os.version: &amp;apos;6.17.0-14-generic&amp;apos;, java.version: &amp;apos;21.0.6&amp;apos;
Driver info: org.openqa.selenium.chrome.ChromeDriver
Command: [23a982bf5b86c743089899cc8ae06ae7, findElement {using=xpath, value=//a[@class=&amp;apos;dropdown-toggle form-control&amp;apos;]}]
Capabilities {acceptInsecureCerts: false, browserName: chrome, browserVersion: 142.0.7444.175, chrome: {chromedriverVersion: 142.0.7444.175 (302067f14a4..., userDataDir: /tmp/.org.chromium.Chromium...}, fedcm:accounts: true, goog:chromeOptions: {debuggerAddress: localhost:43917}, goog:processID: 753819, networkConnectionEnabled: false, pageLoadStrategy: normal, platformName: linux, proxy: Proxy(), se:cdp: ws://localhost:43917/devtoo..., se:cdpVersion: 142.0.7444.175, setWindowRect: true, strictFileInteractability: false, timeouts: {implicit: 0, pageLoad: 300000, script: 30000}, unhandledPromptBehavior: dismiss and notify, webauthn:extension:credBlob: true, webauthn:extension:largeBlob: true, webauthn:extension:minPinLength: true, webauthn:extension:prf: true, webauthn:virtualAuthenticators: true}
Session ID: 23a982bf5b86c743089899cc8ae06ae7">
      <![CDATA[org.openqa.selenium.WebDriverException: target frame detached: received Inspector.detached event
  (failed to check if window was closed: disconnected: not connected to DevTools)
  (Session info: chrome=142.0.7444.175)
Build info: version: '4.33.0', revision: '2c6aaad03a'
System info: os.name: 'Linux', os.arch: 'amd64', os.version: '6.17.0-14-generic', java.version: '21.0.6'
Driver info: org.openqa.selenium.chrome.ChromeDriver
Command: [23a982bf5b86c743089899cc8ae06ae7, findElement {using=xpath, value=//a[@class='dropdown-toggle form-control']}]
Capabilities {acceptInsecureCerts: false, browserName: chrome, browserVersion: 142.0.7444.175, chrome: {chromedriverVersion: 142.0.7444.175 (302067f14a4..., userDataDir: /tmp/.org.chromium.Chromium...}, fedcm:accounts: true, goog:chromeOptions: {debuggerAddress: localhost:43917}, goog:processID: 753819, networkConnectionEnabled: false, pageLoadStrategy: normal, platformName: linux, proxy: Proxy(), se:cdp: ws://localhost:43917/devtoo..., se:cdpVersion: 142.0.7444.175, setWindowRect: true, strictFileInteractability: false, timeouts: {implicit: 0, pageLoad: 300000, script: 30000}, unhandledPromptBehavior: dismiss and notify, webauthn:extension:credBlob: true, webauthn:extension:largeBlob: true, webauthn:extension:minPinLength: true, webauthn:extension:prf: true, webauthn:virtualAuthenticators: true}
Session ID: 23a982bf5b86c743089899cc8ae06ae7
at java.base/jdk.internal.reflect.DirectConstructorHandleAccessor.newInstance(DirectConstructorHandleAccessor.java:62)
at java.base/java.lang.reflect.Constructor.newInstanceWithCaller(Constructor.java:502)
at java.base/java.lang.reflect.Constructor.newInstance(Constructor.java:486)
at org.openqa.selenium.remote.ErrorCodec.decode(ErrorCodec.java:167)
at org.openqa.selenium.remote.codec.w3c.W3CHttpResponseCodec.decode(W3CHttpResponseCodec.java:138)
at org.openqa.selenium.remote.codec.w3c.W3CHttpResponseCodec.decode(W3CHttpResponseCodec.java:50)
at org.openqa.selenium.remote.HttpCommandExecutor.execute(HttpCommandExecutor.java:215)
at org.openqa.selenium.remote.service.DriverCommandExecutor.invokeExecute(DriverCommandExecutor.java:216)
at org.openqa.selenium.remote.service.DriverCommandExecutor.execute(DriverCommandExecutor.java:174)
at org.openqa.selenium.remote.RemoteWebDriver.execute(RemoteWebDriver.java:544)
at org.openqa.selenium.remote.ElementLocation$ElementFinder$2.findElement(ElementLocation.java:165)
at org.openqa.selenium.remote.ElementLocation.findElement(ElementLocation.java:59)
at org.openqa.selenium.remote.RemoteWebDriver.findElement(RemoteWebDriver.java:367)
at org.openqa.selenium.remote.RemoteWebDriver.findElement(RemoteWebDriver.java:361)
at org.openqa.selenium.support.ui.ExpectedConditions$7.apply(ExpectedConditions.java:194)
at org.openqa.selenium.support.ui.ExpectedConditions$7.apply(ExpectedConditions.java:190)
at org.openqa.selenium.support.ui.FluentWait.until(FluentWait.java:203)
at pages.AddSenderDetails.selectCustomerSupport(AddSenderDetails.java:337)
at test.TravelRule_Transfers_CustomerSupport.tc001TravelRule_POBox_Validation_For_SenderAddress_FW_Transfers(TravelRule_Transfers_CustomerSupport.java:78)
at java.base/jdk.internal.reflect.DirectMethodHandleAccessor.invoke(DirectMethodHandleAccessor.java:103)
at java.base/java.lang.reflect.Method.invoke(Method.java:580)
at org.testng.internal.invokers.MethodInvocationHelper.invokeMethod(MethodInvocationHelper.java:141)
at org.testng.internal.invokers.TestInvoker.invokeMethod(TestInvoker.java:687)
at org.testng.internal.invokers.TestInvoker.invokeTestMethod(TestInvoker.java:230)
at org.testng.internal.invokers.MethodRunner.runInSequence(MethodRunner.java:63)
at org.testng.internal.invokers.TestInvoker$MethodInvocationAgent.invoke(TestInvoker.java:995)
at org.testng.internal.invokers.TestInvoker.invokeTestMethods(TestInvoker.java:203)
at org.testng.internal.invokers.TestMethodWorker.invokeTestMethods(TestMethodWorker.java:154)
at org.testng.internal.invokers.TestMethodWorker.run(TestMethodWorker.java:134)
at java.base/java.util.ArrayList.forEach(ArrayList.java:1596)
at org.testng.TestRunner.privateRun(TestRunner.java:741)
at org.testng.TestRunner.run(TestRunner.java:616)
at org.testng.SuiteRunner.runTest(SuiteRunner.java:421)
at org.testng.SuiteRunner.runSequentially(SuiteRunner.java:413)
at org.testng.SuiteRunner.privateRun(SuiteRunner.java:373)
at org.testng.SuiteRunner.run(SuiteRunner.java:312)
at org.testng.SuiteRunnerWorker.runSuite(SuiteRunnerWorker.java:52)
at org.testng.SuiteRunnerWorker.run(SuiteRunnerWorker.java:95)
at org.testng.TestNG.runSuitesSequentially(TestNG.java:1274)
at org.testng.TestNG.runSuitesLocally(TestNG.java:1208)
at org.testng.TestNG.runSuites(TestNG.java:1112)
at org.testng.TestNG.run(TestNG.java:1079)
at org.testng.remote.AbstractRemoteTestNG.run(AbstractRemoteTestNG.java:115)
at org.testng.remote.RemoteTestNG.initAndRun(RemoteTestNG.java:293)
at org.testng.remote.RemoteTestNG.main(RemoteTestNG.java:91)
]]>
    </failure>
  </testcase> <!-- tc001TravelRule_POBox_Validation_For_SenderAddress_FW_Transfers -->
  <testcase classname="test.TravelRule_Transfers_CustomerSupport" name="tc002TravelRule_WhitelistedCountry_Validation_For_SenderAddress_FW_Transfers" time="0.0">
    <skipped/>
  </testcase> <!-- tc002TravelRule_WhitelistedCountry_Validation_For_SenderAddress_FW_Transfers -->
  <testcase classname="test.TravelRule_Transfers_CustomerSupport" name="tc003TravelRule_BlacklistedCountry_Validation_For_SenderAddress_FW_Transfers" time="0.0">
    <skipped/>
  </testcase> <!-- tc003TravelRule_BlacklistedCountry_Validation_For_SenderAddress_FW_Transfers -->
  <testcase classname="test.TravelRule_Transfers_CustomerSupport" name="tc004TravelRule_POBox_And_WhitelistedCountry_Validation_For_SenderAddress_FW_Transfers" time="0.0">
    <skipped/>
  </testcase> <!-- tc004TravelRule_POBox_And_WhitelistedCountry_Validation_For_SenderAddress_FW_Transfers -->
  <testcase classname="test.TravelRule_Transfers_CustomerSupport" name="tc005TravelRule_POBox_And_BlacklistedCountry_Validation_For_SenderAddress_FW_Transfers" time="0.0">
    <skipped/>
  </testcase> <!-- tc005TravelRule_POBox_And_BlacklistedCountry_Validation_For_SenderAddress_FW_Transfers -->
  <testcase classname="test.TravelRule_Transfers_CustomerSupport" name="tc006TravelRule_POBox_And_InvalidToValid_For_SenderAddress_FW_Transfers" time="0.0">
    <skipped/>
  </testcase> <!-- tc006TravelRule_POBox_And_InvalidToValid_For_SenderAddress_FW_Transfers -->
  <testcase classname="test.TravelRule_Transfers_CustomerSupport" name="tc007TravelRule_Whitelisted_And_InvalidToValid_For_SenderAddress_FW_Transfers" time="0.0">
    <skipped/>
  </testcase> <!-- tc007TravelRule_Whitelisted_And_InvalidToValid_For_SenderAddress_FW_Transfers -->
  <testcase classname="test.TravelRule_Transfers_CustomerSupport" name="tc008TravelRule_Blacklisted_And_InvalidToValid_For_SenderAddress_FW_Transfers" time="0.0">
    <skipped/>
  </testcase> <!-- tc008TravelRule_Blacklisted_And_InvalidToValid_For_SenderAddress_FW_Transfers -->
  <testcase classname="test.TravelRule_Transfers_CustomerSupport" name="tc009TravelRule_POBox_Whitelisted_And_InvalidToValid_For_SenderAddress_FW_Transfers" time="0.001">
    <skipped/>
  </testcase> <!-- tc009TravelRule_POBox_Whitelisted_And_InvalidToValid_For_SenderAddress_FW_Transfers -->
  <testcase classname="test.TravelRule_Transfers_CustomerSupport" name="tc010TravelRule_POBox_Blacklisted_And_InvalidToValid_For_SenderAddress_FW_Transfers" time="0.0">
    <skipped/>
  </testcase> <!-- tc010TravelRule_POBox_Blacklisted_And_InvalidToValid_For_SenderAddress_FW_Transfers -->
  <testcase classname="test.TravelRule_Transfers_CustomerSupport" name="tc011TravelRule_POBox_And_ValidToInValid_For_SenderAddress_FW_Transfers" time="0.0">
    <skipped/>
  </testcase> <!-- tc011TravelRule_POBox_And_ValidToInValid_For_SenderAddress_FW_Transfers -->
  <testcase classname="test.TravelRule_Transfers_CustomerSupport" name="tc012TravelRule_WhiteListed_And_ValidToInValid_For_SenderAddress_FW_Transfers" time="0.0">
    <skipped/>
  </testcase> <!-- tc012TravelRule_WhiteListed_And_ValidToInValid_For_SenderAddress_FW_Transfers -->
  <testcase classname="test.TravelRule_Transfers_CustomerSupport" name="tc013TravelRule_BlackListed_And_ValidToInValid_For_SenderAddress_FW_Transfers" time="0.0">
    <skipped/>
  </testcase> <!-- tc013TravelRule_BlackListed_And_ValidToInValid_For_SenderAddress_FW_Transfers -->
  <testcase classname="test.TravelRule_Transfers_CustomerSupport" name="tc014TravelRule_POBox_And_WhiteListedCountry_ValidToInValid_For_SenderAddress_FW_Transfers" time="0.0">
    <skipped/>
  </testcase> <!-- tc014TravelRule_POBox_And_WhiteListedCountry_ValidToInValid_For_SenderAddress_FW_Transfers -->
  <testcase classname="test.TravelRule_Transfers_CustomerSupport" name="tc015TravelRule_POBox_And_BlackListedCountry_ValidToInValid_For_SenderAddress_FW_Transfers" time="0.0">
    <skipped/>
  </testcase> <!-- tc015TravelRule_POBox_And_BlackListedCountry_ValidToInValid_For_SenderAddress_FW_Transfers -->
  <testcase classname="test.TravelRule_Transfers_CustomerSupport" name="tc016TravelRule_POBox_Validation_For_RecipientAddress_FW_Transfers" time="0.0">
    <skipped/>
  </testcase> <!-- tc016TravelRule_POBox_Validation_For_RecipientAddress_FW_Transfers -->
  <testcase classname="test.TravelRule_Transfers_CustomerSupport" name="tc017TravelRule_WhitelistedCountry_Validation_For_RecipientAddress_FW_Transfers" time="0.0">
    <skipped/>
  </testcase> <!-- tc017TravelRule_WhitelistedCountry_Validation_For_RecipientAddress_FW_Transfers -->
  <testcase classname="test.TravelRule_Transfers_CustomerSupport" name="tc018TravelRule_BlacklistedCountry_Validation_For_RecipientAddress_FW_Transfers" time="0.0">
    <skipped/>
  </testcase> <!-- tc018TravelRule_BlacklistedCountry_Validation_For_RecipientAddress_FW_Transfers -->
  <testcase classname="test.TravelRule_Transfers_CustomerSupport" name="tc019TravelRule_POBox_And_WhitelistedCountry_Validation_For_RecipientAddress_FW_Transfers" time="0.0">
    <skipped/>
  </testcase> <!-- tc019TravelRule_POBox_And_WhitelistedCountry_Validation_For_RecipientAddress_FW_Transfers -->
  <testcase classname="test.TravelRule_Transfers_CustomerSupport" name="tc020TravelRule_POBox_And_BlacklistedCountry_Validation_For_RecipientAddress_FW_Transfers" time="0.0">
    <skipped/>
  </testcase> <!-- tc020TravelRule_POBox_And_BlacklistedCountry_Validation_For_RecipientAddress_FW_Transfers -->
  <testcase classname="test.TravelRule_Transfers_CustomerSupport" name="tc021TravelRule_POBox_And_InvalidToValid_For_RecipientAddress_FW_Transfers" time="0.0">
    <skipped/>
  </testcase> <!-- tc021TravelRule_POBox_And_InvalidToValid_For_RecipientAddress_FW_Transfers -->
  <testcase classname="test.TravelRule_Transfers_CustomerSupport" name="tc022TravelRule_Whitelisted_And_InvalidToValid_For_RecipientAddress_FW_Transfers" time="0.0">
    <skipped/>
  </testcase> <!-- tc022TravelRule_Whitelisted_And_InvalidToValid_For_RecipientAddress_FW_Transfers -->
  <testcase classname="test.TravelRule_Transfers_CustomerSupport" name="tc023TravelRule_Blacklisted_And_InvalidToValid_For_RecipientAddress_FW_Transfers" time="0.0">
    <skipped/>
  </testcase> <!-- tc023TravelRule_Blacklisted_And_InvalidToValid_For_RecipientAddress_FW_Transfers -->
  <testcase classname="test.TravelRule_Transfers_CustomerSupport" name="tc024TravelRule_POBox_Whitelisted_And_InvalidToValid_For_RecipientAddress_FW_Transfers" time="0.0">
    <skipped/>
  </testcase> <!-- tc024TravelRule_POBox_Whitelisted_And_InvalidToValid_For_RecipientAddress_FW_Transfers -->
  <testcase classname="test.TravelRule_Transfers_CustomerSupport" name="tc025TravelRule_POBox_Blacklisted_And_InvalidToValid_For_RecipientAddress_FW_Transfers" time="0.0">
    <skipped/>
  </testcase> <!-- tc025TravelRule_POBox_Blacklisted_And_InvalidToValid_For_RecipientAddress_FW_Transfers -->
  <testcase classname="test.TravelRule_Transfers_CustomerSupport" name="tc026TravelRule_POBox_And_ValidToInValid_For_RecipientAddress_FW_Transfers" time="0.0">
    <skipped/>
  </testcase> <!-- tc026TravelRule_POBox_And_ValidToInValid_For_RecipientAddress_FW_Transfers -->
  <testcase classname="test.TravelRule_Transfers_CustomerSupport" name="tc027TravelRule_WhiteListed_And_ValidToInValid_For_RecipientAddress_FW_Transfers" time="0.0">
    <skipped/>
  </testcase> <!-- tc027TravelRule_WhiteListed_And_ValidToInValid_For_RecipientAddress_FW_Transfers -->
  <testcase classname="test.TravelRule_Transfers_CustomerSupport" name="tc028TravelRule_BlackListed_And_ValidToInValid_For_RecipientAddress_FW_Transfers" time="0.0">
    <skipped/>
  </testcase> <!-- tc028TravelRule_BlackListed_And_ValidToInValid_For_RecipientAddress_FW_Transfers -->
  <testcase classname="test.TravelRule_Transfers_CustomerSupport" name="tc029TravelRule_POBox_And_WhiteListedCountry_ValidToInValid_For_RecipientAddress_FW_Transfers" time="0.0">
    <skipped/>
  </testcase> <!-- tc029TravelRule_POBox_And_WhiteListedCountry_ValidToInValid_For_RecipientAddress_FW_Transfers -->
  <testcase classname="test.TravelRule_Transfers_CustomerSupport" name="tc030TravelRule_POBox_And_BlackListedCountry_ValidToInValid_For_RecipientAddress_FW_Transfers" time="0.0">
    <skipped/>
  </testcase> <!-- tc030TravelRule_POBox_And_BlackListedCountry_ValidToInValid_For_RecipientAddress_FW_Transfers -->
</testsuite> <!-- Default test -->
