<?xml version="1.0" encoding="UTF-8"?>
<!-- Generated by org.testng.reporters.JUnitReportReporter -->
<testsuite hostname="abubakarsiddiquesnew-lp.ds.alacriti.com" failures="0" tests="16" name="test.TravelRule_AddRecipient_CustomerSupport" time="37.952" errors="1" timestamp="2025-12-23T17:43:32 IST" skipped="15">
  <testcase classname="test.TravelRule_AddRecipient_CustomerSupport" name="startSuite" time="37.950">
    <error message="Expected condition failed: waiting for visibility of element located by By.xpath: //a[@class=&#039;dropdown-toggle form-control&#039;] (tried for 30 second(s) with 500 milliseconds interval)
Build info: version: &#039;4.33.0&#039;, revision: &#039;2c6aaad03a&#039;
System info: os.name: &#039;Linux&#039;, os.arch: &#039;amd64&#039;, os.version: &#039;6.14.0-36-generic&#039;, java.version: &#039;21.0.6&#039;
Driver info: org.openqa.selenium.chrome.ChromeDriver
Capabilities {acceptInsecureCerts: false, browserName: chrome, browserVersion: 142.0.7444.175, chrome: {chromedriverVersion: 142.0.7444.175 (302067f14a4..., userDataDir: /tmp/.org.chromium.Chromium...}, fedcm:accounts: true, goog:chromeOptions: {debuggerAddress: localhost:40449}, goog:processID: 742879, networkConnectionEnabled: false, pageLoadStrategy: normal, platformName: linux, proxy: Proxy(), se:cdp: ws://localhost:40449/devtoo..., se:cdpVersion: 142.0.7444.175, setWindowRect: true, strictFileInteractability: false, timeouts: {implicit: 0, pageLoad: 300000, script: 30000}, unhandledPromptBehavior: dismiss and notify, webauthn:extension:credBlob: true, webauthn:extension:largeBlob: true, webauthn:extension:minPinLength: true, webauthn:extension:prf: true, webauthn:virtualAuthenticators: true}
Session ID: 27a8bd52799fa542d4a53ecdcec223ef" type="org.openqa.selenium.TimeoutException">
      <![CDATA[org.openqa.selenium.TimeoutException: Expected condition failed: waiting for visibility of element located by By.xpath: //a[@class='dropdown-toggle form-control'] (tried for 30 second(s) with 500 milliseconds interval)
Build info: version: '4.33.0', revision: '2c6aaad03a'
System info: os.name: 'Linux', os.arch: 'amd64', os.version: '6.14.0-36-generic', java.version: '21.0.6'
Driver info: org.openqa.selenium.chrome.ChromeDriver
Capabilities {acceptInsecureCerts: false, browserName: chrome, browserVersion: 142.0.7444.175, chrome: {chromedriverVersion: 142.0.7444.175 (302067f14a4..., userDataDir: /tmp/.org.chromium.Chromium...}, fedcm:accounts: true, goog:chromeOptions: {debuggerAddress: localhost:40449}, goog:processID: 742879, networkConnectionEnabled: false, pageLoadStrategy: normal, platformName: linux, proxy: Proxy(), se:cdp: ws://localhost:40449/devtoo..., se:cdpVersion: 142.0.7444.175, setWindowRect: true, strictFileInteractability: false, timeouts: {implicit: 0, pageLoad: 300000, script: 30000}, unhandledPromptBehavior: dismiss and notify, webauthn:extension:credBlob: true, webauthn:extension:largeBlob: true, webauthn:extension:minPinLength: true, webauthn:extension:prf: true, webauthn:virtualAuthenticators: true}
Session ID: 27a8bd52799fa542d4a53ecdcec223ef
at org.openqa.selenium.support.ui.WebDriverWait.timeoutException(WebDriverWait.java:84)
at org.openqa.selenium.support.ui.FluentWait.until(FluentWait.java:228)
at pages.AddSenderDetails.selectCustomerSupport(AddSenderDetails.java:331)
at test.TravelRule_AddRecipient_CustomerSupport.startSuite(TravelRule_AddRecipient_CustomerSupport.java:47)
at java.base/jdk.internal.reflect.DirectMethodHandleAccessor.invoke(DirectMethodHandleAccessor.java:103)
at java.base/java.lang.reflect.Method.invoke(Method.java:580)
at org.testng.internal.invokers.MethodInvocationHelper.invokeMethod(MethodInvocationHelper.java:141)
at org.testng.internal.invokers.MethodInvocationHelper.invokeMethodConsideringTimeout(MethodInvocationHelper.java:71)
at org.testng.internal.invokers.ConfigInvoker.invokeConfigurationMethod(ConfigInvoker.java:400)
at org.testng.internal.invokers.ConfigInvoker.invokeConfigurations(ConfigInvoker.java:333)
at org.testng.internal.invokers.TestMethodWorker.invokeBeforeClassMethods(TestMethodWorker.java:188)
at org.testng.internal.invokers.TestMethodWorker.run(TestMethodWorker.java:128)
at java.base/java.util.ArrayList.forEach(ArrayList.java:1596)
at org.testng.TestRunner.privateRun(TestRunner.java:741)
at org.testng.TestRunner.run(TestRunner.java:616)
at org.testng.SuiteRunner.runTest(SuiteRunner.java:421)
at org.testng.SuiteRunner.runSequentially(SuiteRunner.java:413)
at org.testng.SuiteRunner.privateRun(SuiteRunner.java:373)
at org.testng.SuiteRunner.run(SuiteRunner.java:312)
at org.testng.SuiteRunnerWorker.runSuite(SuiteRunnerWorker.java:52)
at org.testng.SuiteRunnerWorker.run(SuiteRunnerWorker.java:95)
at org.testng.TestNG.runSuitesSequentially(TestNG.java:1274)
at org.testng.TestNG.runSuitesLocally(TestNG.java:1208)
at org.testng.TestNG.runSuites(TestNG.java:1112)
at org.testng.TestNG.run(TestNG.java:1079)
at org.testng.remote.AbstractRemoteTestNG.run(AbstractRemoteTestNG.java:115)
at org.testng.remote.RemoteTestNG.initAndRun(RemoteTestNG.java:293)
at org.testng.remote.RemoteTestNG.main(RemoteTestNG.java:91)
]]>
    </error>
  </testcase> <!-- startSuite -->
  <testcase classname="test.TravelRule_AddRecipient_CustomerSupport" name="tc001TravelRule_POBox_Validation_For_RecipientAddress_CustSupport_AddRecip" time="0.000">
    <skipped/>
  </testcase> <!-- tc001TravelRule_POBox_Validation_For_RecipientAddress_CustSupport_AddRecip -->
  <testcase classname="test.TravelRule_AddRecipient_CustomerSupport" name="tc002TravelRule_WhiteListedCountry_Validation_For_RecipientAddress_CustSupport_AddRecip" time="0.000">
    <skipped/>
  </testcase> <!-- tc002TravelRule_WhiteListedCountry_Validation_For_RecipientAddress_CustSupport_AddRecip -->
  <testcase classname="test.TravelRule_AddRecipient_CustomerSupport" name="tc012TravelRule_WhiteListedCountry_And_ValidToInValid_For_RecipientAddress_CustSupport_AddRecip" time="0.000">
    <skipped/>
  </testcase> <!-- tc012TravelRule_WhiteListedCountry_And_ValidToInValid_For_RecipientAddress_CustSupport_AddRecip -->
  <testcase classname="test.TravelRule_AddRecipient_CustomerSupport" name="tc013TravelRule_BlackListedCountry_And_ValidToInValid_For_RecipientAddress_CustSupport_AddRecip" time="0.000">
    <skipped/>
  </testcase> <!-- tc013TravelRule_BlackListedCountry_And_ValidToInValid_For_RecipientAddress_CustSupport_AddRecip -->
  <testcase classname="test.TravelRule_AddRecipient_CustomerSupport" name="tc003TravelRule_BlackListedCountry_Validation_For_RecipientAddress_CustSupport_AddRecip" time="0.000">
    <skipped/>
  </testcase> <!-- tc003TravelRule_BlackListedCountry_Validation_For_RecipientAddress_CustSupport_AddRecip -->
  <testcase classname="test.TravelRule_AddRecipient_CustomerSupport" name="tc004TravelRule_POBox_WhiteListedCountry_Validation_For_RecipientAddress_CustSupport_AddRecip" time="0.001">
    <skipped/>
  </testcase> <!-- tc004TravelRule_POBox_WhiteListedCountry_Validation_For_RecipientAddress_CustSupport_AddRecip -->
  <testcase classname="test.TravelRule_AddRecipient_CustomerSupport" name="tc014TravelRule_POBox_WhiteListedCountry_And_ValidToInValid_For_RecipientAddress_CustSupport_AddRecip" time="0.000">
    <skipped/>
  </testcase> <!-- tc014TravelRule_POBox_WhiteListedCountry_And_ValidToInValid_For_RecipientAddress_CustSupport_AddRecip -->
  <testcase classname="test.TravelRule_AddRecipient_CustomerSupport" name="tc005TravelRule_POBox_BlackListedCountry_Validation_For_RecipientAddress_CustSupport_AddRecip" time="0.000">
    <skipped/>
  </testcase> <!-- tc005TravelRule_POBox_BlackListedCountry_Validation_For_RecipientAddress_CustSupport_AddRecip -->
  <testcase classname="test.TravelRule_AddRecipient_CustomerSupport" name="tc015TravelRule_POBox_BlackListedCountry_And_ValidToInValid_For_RecipientAddress_CustSupport_AddRecip" time="0.000">
    <skipped/>
  </testcase> <!-- tc015TravelRule_POBox_BlackListedCountry_And_ValidToInValid_For_RecipientAddress_CustSupport_AddRecip -->
  <testcase classname="test.TravelRule_AddRecipient_CustomerSupport" name="tc006TravelRule_POBox_And_InvalidToValid_For_RecipientAddress_CustSupport_AddRecip" time="0.000">
    <skipped/>
  </testcase> <!-- tc006TravelRule_POBox_And_InvalidToValid_For_RecipientAddress_CustSupport_AddRecip -->
  <testcase classname="test.TravelRule_AddRecipient_CustomerSupport" name="tc007TravelRule_Whitelisted_And_InvalidToValid_For_RecipientAddress_CustSupport_AddRecip" time="0.000">
    <skipped/>
  </testcase> <!-- tc007TravelRule_Whitelisted_And_InvalidToValid_For_RecipientAddress_CustSupport_AddRecip -->
  <testcase classname="test.TravelRule_AddRecipient_CustomerSupport" name="tc008TravelRule_Blacklisted_And_InvalidToValid_For_RecipientAddress_CustSupport_AddRecip" time="0.000">
    <skipped/>
  </testcase> <!-- tc008TravelRule_Blacklisted_And_InvalidToValid_For_RecipientAddress_CustSupport_AddRecip -->
  <testcase classname="test.TravelRule_AddRecipient_CustomerSupport" name="tc009TravelRule_POBox_Whitelisted_And_InvalidToValid_For_RecipientAddress_CustSupport_AddRecip" time="0.000">
    <skipped/>
  </testcase> <!-- tc009TravelRule_POBox_Whitelisted_And_InvalidToValid_For_RecipientAddress_CustSupport_AddRecip -->
  <testcase classname="test.TravelRule_AddRecipient_CustomerSupport" name="tc010TravelRule_POBox_Blacklisted_And_InvalidToValid_For_RecipientAddress_CustSupport_AddRecip" time="0.000">
    <skipped/>
  </testcase> <!-- tc010TravelRule_POBox_Blacklisted_And_InvalidToValid_For_RecipientAddress_CustSupport_AddRecip -->
  <testcase classname="test.TravelRule_AddRecipient_CustomerSupport" name="tc011TravelRule_POBox_And_ValidToInValid_For_RecipientAddress_CustSupport_AddRecip" time="0.001">
    <skipped/>
  </testcase> <!-- tc011TravelRule_POBox_And_ValidToInValid_For_RecipientAddress_CustSupport_AddRecip -->
</testsuite> <!-- test.TravelRule_AddRecipient_CustomerSupport -->
